<?xml version="1.0" encoding="UTF-8"?>
<!-- Generated by org.testng.reporters.JUnitReportReporter -->
<testsuite hostname="LAPTOP-95TN1K3N" failures="0" tests="2" name="Param" time="0.008" errors="0" timestamp="2021-08-11T12:27:33 IST" skipped="0">
  <testcase classname="Param" name="log_test" time="0.008"/>
  <system-out/>
  <testcase classname="Param" name="log_test" time="0.000"/>
  <system-out/>
</testsuite> <!-- Param -->
