<?xml version="1.0" encoding="UTF-8"?>
<!-- Generated by org.testng.reporters.JUnitReportReporter -->
<testsuite hostname="LAPTOP-95TN1K3N" failures="0" tests="1" name="Sa" time="0.001" errors="0" timestamp="2021-08-17T15:01:39 IST" skipped="0">
  <testcase classname="Sa" name="logout" time="0.001"/>
  <system-out/>
</testsuite> <!-- Sa -->
