<?xml version="1.0" encoding="UTF-8"?>
<!-- Generated by org.testng.reporters.JUnitReportReporter -->
<testsuite hostname="LAPTOP-95TN1K3N" failures="0" tests="2" name="gp1" time="0.002" errors="0" timestamp="2021-08-11T12:30:09 IST" skipped="0">
  <testcase classname="gp1" name="test_7" time="0.001"/>
  <system-out/>
  <testcase classname="gp1" name="test_9" time="0.001"/>
  <system-out/>
</testsuite> <!-- gp1 -->
