<?xml version="1.0" encoding="UTF-8"?>
<!-- Generated by org.testng.reporters.JUnitReportReporter -->
<testsuite hostname="LAPTOP-95TN1K3N" failures="0" tests="3" name="gp" time="0.012" errors="0" timestamp="2021-08-11T12:30:09 IST" skipped="0">
  <testcase classname="gp" name="test_1" time="0.009"/>
  <system-out/>
  <testcase classname="gp" name="test_3" time="0.002"/>
  <system-out/>
  <testcase classname="gp" name="test_5" time="0.001"/>
  <system-out/>
</testsuite> <!-- gp -->
