<?xml version="1.0" encoding="UTF-8"?>
<!-- Generated by org.testng.reporters.JUnitReportReporter -->
<testsuite hostname="LAPTOP-95TN1K3N" failures="0" tests="1" name="Sma" time="0.005" errors="0" timestamp="2021-08-17T15:01:39 IST" skipped="0">
  <testcase classname="Sma" name="login" time="0.005"/>
  <system-out/>
</testsuite> <!-- Sma -->
