<?xml version="1.0" encoding="UTF-8"?>
<!-- Generated by org.testng.reporters.JUnitReportReporter -->
<testsuite hostname="LAPTOP-95TN1K3N" failures="0" tests="3" name="may.Regression_Auto" time="0.005" errors="0" timestamp="2021-08-17T15:32:05 IST" skipped="0">
  <testcase classname="may.Regression_Auto" name="sendtest" time="0.002"/>
  <system-out/>
  <testcase classname="may.Regression_Auto" name="regtest" time="0.001"/>
  <system-out/>
  <testcase classname="may.Regression_Auto" name="login" time="0.002"/>
  <system-out/>
</testsuite> <!-- may.Regression_Auto -->
