<?xml version="1.0" encoding="UTF-8"?>
<!-- Generated by org.testng.reporters.JUnitReportReporter -->
<testsuite hostname="LAPTOP-95TN1K3N" failures="0" tests="1" name="may.Sa" time="0.009" errors="0" timestamp="2021-08-17T15:30:11 IST" skipped="0">
  <testcase classname="may.Sa" name="logooout" time="0.009"/>
  <system-out/>
</testsuite> <!-- may.Sa -->
