<?xml version="1.0" encoding="UTF-8"?>
<!-- Generated by org.testng.reporters.JUnitReportReporter -->
<testsuite hostname="LAPTOP-95TN1K3N" failures="0" tests="1" name="june.Sa" time="0.008" errors="0" timestamp="2021-08-17T15:32:05 IST" skipped="0">
  <testcase classname="june.Sa" name="logooout" time="0.008"/>
  <system-out/>
</testsuite> <!-- june.Sa -->
